<?xml version="1.0" encoding="UTF-8"?>
<testsuite xmlns:xsi="http://www.w3.org/2001/XMLSchema-instance" xsi:noNamespaceSchemaLocation="https://maven.apache.org/surefire/maven-surefire-plugin/xsd/surefire-test-report-3.0.xsd" version="3.0" name="dev.m0.csport.ControllersTest" time="14.84" tests="5" errors="0" skipped="0" failures="0">
  <properties>
    <property name="java.specification.version" value="17"/>
    <property name="sun.cpu.isalist" value="amd64"/>
    <property name="sun.jnu.encoding" value="Cp1252"/>
    <property name="java.class.path" value="c:\Users\sassi\java_projects\csport\target\test-classes;c:\Users\sassi\java_projects\csport\target\classes;C:\Users\sassi\.m2\repository\org\springframework\boot\spring-boot-starter-data-jpa\3.1.6-SNAPSHOT\spring-boot-starter-data-jpa-3.1.6-SNAPSHOT.jar;C:\Users\sassi\.m2\repository\org\springframework\boot\spring-boot-starter-aop\3.1.6-SNAPSHOT\spring-boot-starter-aop-3.1.6-SNAPSHOT.jar;C:\Users\sassi\.m2\repository\org\springframework\spring-aop\6.0.13\spring-aop-6.0.13.jar;C:\Users\sassi\.m2\repository\org\aspectj\aspectjweaver\1.9.20\aspectjweaver-1.9.20.jar;C:\Users\sassi\.m2\repository\org\springframework\boot\spring-boot-starter-jdbc\3.1.6-SNAPSHOT\spring-boot-starter-jdbc-3.1.6-SNAPSHOT.jar;C:\Users\sassi\.m2\repository\com\zaxxer\HikariCP\5.0.1\HikariCP-5.0.1.jar;C:\Users\sassi\.m2\repository\org\springframework\spring-jdbc\6.0.13\spring-jdbc-6.0.13.jar;C:\Users\sassi\.m2\repository\org\hibernate\orm\hibernate-core\6.2.13.Final\hibernate-core-6.2.13.Final.jar;C:\Users\sassi\.m2\repository\jakarta\persistence\jakarta.persistence-api\3.1.0\jakarta.persistence-api-3.1.0.jar;C:\Users\sassi\.m2\repository\jakarta\transaction\jakarta.transaction-api\2.0.1\jakarta.transaction-api-2.0.1.jar;C:\Users\sassi\.m2\repository\org\jboss\logging\jboss-logging\3.5.3.Final\jboss-logging-3.5.3.Final.jar;C:\Users\sassi\.m2\repository\org\hibernate\common\hibernate-commons-annotations\6.0.6.Final\hibernate-commons-annotations-6.0.6.Final.jar;C:\Users\sassi\.m2\repository\io\smallrye\jandex\3.0.5\jandex-3.0.5.jar;C:\Users\sassi\.m2\repository\com\fasterxml\classmate\1.5.1\classmate-1.5.1.jar;C:\Users\sassi\.m2\repository\net\bytebuddy\byte-buddy\1.14.9\byte-buddy-1.14.9.jar;C:\Users\sassi\.m2\repository\org\glassfish\jaxb\jaxb-runtime\4.0.3\jaxb-runtime-4.0.3.jar;C:\Users\sassi\.m2\repository\org\glassfish\jaxb\jaxb-core\4.0.3\jaxb-core-4.0.3.jar;C:\Users\sassi\.m2\repository\org\eclipse\angus\angus-activation\2.0.1\angus-activation-2.0.1.jar;C:\Users\sassi\.m2\repository\org\glassfish\jaxb\txw2\4.0.3\txw2-4.0.3.jar;C:\Users\sassi\.m2\repository\com\sun\istack\istack-commons-runtime\4.1.2\istack-commons-runtime-4.1.2.jar;C:\Users\sassi\.m2\repository\jakarta\inject\jakarta.inject-api\2.0.1\jakarta.inject-api-2.0.1.jar;C:\Users\sassi\.m2\repository\org\antlr\antlr4-runtime\4.10.1\antlr4-runtime-4.10.1.jar;C:\Users\sassi\.m2\repository\org\springframework\data\spring-data-jpa\3.1.5\spring-data-jpa-3.1.5.jar;C:\Users\sassi\.m2\repository\org\springframework\data\spring-data-commons\3.1.5\spring-data-commons-3.1.5.jar;C:\Users\sassi\.m2\repository\org\springframework\spring-orm\6.0.13\spring-orm-6.0.13.jar;C:\Users\sassi\.m2\repository\org\springframework\spring-context\6.0.13\spring-context-6.0.13.jar;C:\Users\sassi\.m2\repository\org\springframework\spring-tx\6.0.13\spring-tx-6.0.13.jar;C:\Users\sassi\.m2\repository\org\springframework\spring-beans\6.0.13\spring-beans-6.0.13.jar;C:\Users\sassi\.m2\repository\jakarta\annotation\jakarta.annotation-api\2.1.1\jakarta.annotation-api-2.1.1.jar;C:\Users\sassi\.m2\repository\org\slf4j\slf4j-api\2.0.9\slf4j-api-2.0.9.jar;C:\Users\sassi\.m2\repository\org\springframework\spring-aspects\6.0.13\spring-aspects-6.0.13.jar;C:\Users\sassi\.m2\repository\org\springframework\boot\spring-boot-starter-thymeleaf\3.1.6-SNAPSHOT\spring-boot-starter-thymeleaf-3.1.6-SNAPSHOT.jar;C:\Users\sassi\.m2\repository\org\springframework\boot\spring-boot-starter\3.1.6-SNAPSHOT\spring-boot-starter-3.1.6-SNAPSHOT.jar;C:\Users\sassi\.m2\repository\org\springframework\boot\spring-boot-starter-logging\3.1.6-SNAPSHOT\spring-boot-starter-logging-3.1.6-SNAPSHOT.jar;C:\Users\sassi\.m2\repository\ch\qos\logback\logback-classic\1.4.11\logback-classic-1.4.11.jar;C:\Users\sassi\.m2\repository\ch\qos\logback\logback-core\1.4.11\logback-core-1.4.11.jar;C:\Users\sassi\.m2\repository\org\apache\logging\log4j\log4j-to-slf4j\2.20.0\log4j-to-slf4j-2.20.0.jar;C:\Users\sassi\.m2\repository\org\apache\logging\log4j\log4j-api\2.20.0\log4j-api-2.20.0.jar;C:\Users\sassi\.m2\repository\org\slf4j\jul-to-slf4j\2.0.9\jul-to-slf4j-2.0.9.jar;C:\Users\sassi\.m2\repository\org\yaml\snakeyaml\1.33\snakeyaml-1.33.jar;C:\Users\sassi\.m2\repository\org\thymeleaf\thymeleaf-spring6\3.1.2.RELEASE\thymeleaf-spring6-3.1.2.RELEASE.jar;C:\Users\sassi\.m2\repository\org\thymeleaf\thymeleaf\3.1.2.RELEASE\thymeleaf-3.1.2.RELEASE.jar;C:\Users\sassi\.m2\repository\org\attoparser\attoparser\2.0.7.RELEASE\attoparser-2.0.7.RELEASE.jar;C:\Users\sassi\.m2\repository\org\unbescape\unbescape\1.1.6.RELEASE\unbescape-1.1.6.RELEASE.jar;C:\Users\sassi\.m2\repository\org\springframework\boot\spring-boot-starter-web\3.1.6-SNAPSHOT\spring-boot-starter-web-3.1.6-SNAPSHOT.jar;C:\Users\sassi\.m2\repository\org\springframework\boot\spring-boot-starter-json\3.1.6-SNAPSHOT\spring-boot-starter-json-3.1.6-SNAPSHOT.jar;C:\Users\sassi\.m2\repository\com\fasterxml\jackson\core\jackson-databind\2.15.3\jackson-databind-2.15.3.jar;C:\Users\sassi\.m2\repository\com\fasterxml\jackson\core\jackson-annotations\2.15.3\jackson-annotations-2.15.3.jar;C:\Users\sassi\.m2\repository\com\fasterxml\jackson\core\jackson-core\2.15.3\jackson-core-2.15.3.jar;C:\Users\sassi\.m2\repository\com\fasterxml\jackson\datatype\jackson-datatype-jdk8\2.15.3\jackson-datatype-jdk8-2.15.3.jar;C:\Users\sassi\.m2\repository\com\fasterxml\jackson\datatype\jackson-datatype-jsr310\2.15.3\jackson-datatype-jsr310-2.15.3.jar;C:\Users\sassi\.m2\repository\com\fasterxml\jackson\module\jackson-module-parameter-names\2.15.3\jackson-module-parameter-names-2.15.3.jar;C:\Users\sassi\.m2\repository\org\springframework\boot\spring-boot-starter-tomcat\3.1.6-SNAPSHOT\spring-boot-starter-tomcat-3.1.6-SNAPSHOT.jar;C:\Users\sassi\.m2\repository\org\apache\tomcat\embed\tomcat-embed-core\10.1.15\tomcat-embed-core-10.1.15.jar;C:\Users\sassi\.m2\repository\org\apache\tomcat\embed\tomcat-embed-el\10.1.15\tomcat-embed-el-10.1.15.jar;C:\Users\sassi\.m2\repository\org\apache\tomcat\embed\tomcat-embed-websocket\10.1.15\tomcat-embed-websocket-10.1.15.jar;C:\Users\sassi\.m2\repository\org\springframework\spring-web\6.0.13\spring-web-6.0.13.jar;C:\Users\sassi\.m2\repository\io\micrometer\micrometer-observation\1.11.5\micrometer-observation-1.11.5.jar;C:\Users\sassi\.m2\repository\io\micrometer\micrometer-commons\1.11.5\micrometer-commons-1.11.5.jar;C:\Users\sassi\.m2\repository\org\springframework\spring-webmvc\6.0.13\spring-webmvc-6.0.13.jar;C:\Users\sassi\.m2\repository\org\springframework\spring-expression\6.0.13\spring-expression-6.0.13.jar;C:\Users\sassi\.m2\repository\org\projectlombok\lombok\1.18.30\lombok-1.18.30.jar;C:\Users\sassi\.m2\repository\org\springframework\boot\spring-boot-devtools\3.1.6-SNAPSHOT\spring-boot-devtools-3.1.6-SNAPSHOT.jar;C:\Users\sassi\.m2\repository\org\springframework\boot\spring-boot\3.1.6-SNAPSHOT\spring-boot-3.1.6-SNAPSHOT.jar;C:\Users\sassi\.m2\repository\org\springframework\boot\spring-boot-autoconfigure\3.1.6-SNAPSHOT\spring-boot-autoconfigure-3.1.6-SNAPSHOT.jar;C:\Users\sassi\.m2\repository\org\postgresql\postgresql\42.6.0\postgresql-42.6.0.jar;C:\Users\sassi\.m2\repository\org\checkerframework\checker-qual\3.31.0\checker-qual-3.31.0.jar;C:\Users\sassi\.m2\repository\org\springframework\boot\spring-boot-starter-test\3.1.6-SNAPSHOT\spring-boot-starter-test-3.1.6-SNAPSHOT.jar;C:\Users\sassi\.m2\repository\org\springframework\boot\spring-boot-test\3.1.6-SNAPSHOT\spring-boot-test-3.1.6-SNAPSHOT.jar;C:\Users\sassi\.m2\repository\org\springframework\boot\spring-boot-test-autoconfigure\3.1.6-SNAPSHOT\spring-boot-test-autoconfigure-3.1.6-SNAPSHOT.jar;C:\Users\sassi\.m2\repository\com\jayway\jsonpath\json-path\2.8.0\json-path-2.8.0.jar;C:\Users\sassi\.m2\repository\jakarta\xml\bind\jakarta.xml.bind-api\4.0.1\jakarta.xml.bind-api-4.0.1.jar;C:\Users\sassi\.m2\repository\jakarta\activation\jakarta.activation-api\2.1.2\jakarta.activation-api-2.1.2.jar;C:\Users\sassi\.m2\repository\net\minidev\json-smart\2.4.11\json-smart-2.4.11.jar;C:\Users\sassi\.m2\repository\net\minidev\accessors-smart\2.4.11\accessors-smart-2.4.11.jar;C:\Users\sassi\.m2\repository\org\ow2\asm\asm\9.3\asm-9.3.jar;C:\Users\sassi\.m2\repository\org\assertj\assertj-core\3.24.2\assertj-core-3.24.2.jar;C:\Users\sassi\.m2\repository\org\hamcrest\hamcrest\2.2\hamcrest-2.2.jar;C:\Users\sassi\.m2\repository\org\junit\jupiter\junit-jupiter\5.9.3\junit-jupiter-5.9.3.jar;C:\Users\sassi\.m2\repository\org\junit\jupiter\junit-jupiter-api\5.9.3\junit-jupiter-api-5.9.3.jar;C:\Users\sassi\.m2\repository\org\opentest4j\opentest4j\1.2.0\opentest4j-1.2.0.jar;C:\Users\sassi\.m2\repository\org\junit\platform\junit-platform-commons\1.9.3\junit-platform-commons-1.9.3.jar;C:\Users\sassi\.m2\repository\org\apiguardian\apiguardian-api\1.1.2\apiguardian-api-1.1.2.jar;C:\Users\sassi\.m2\repository\org\junit\jupiter\junit-jupiter-params\5.9.3\junit-jupiter-params-5.9.3.jar;C:\Users\sassi\.m2\repository\org\junit\jupiter\junit-jupiter-engine\5.9.3\junit-jupiter-engine-5.9.3.jar;C:\Users\sassi\.m2\repository\org\junit\platform\junit-platform-engine\1.9.3\junit-platform-engine-1.9.3.jar;C:\Users\sassi\.m2\repository\org\mockito\mockito-core\5.3.1\mockito-core-5.3.1.jar;C:\Users\sassi\.m2\repository\net\bytebuddy\byte-buddy-agent\1.14.9\byte-buddy-agent-1.14.9.jar;C:\Users\sassi\.m2\repository\org\objenesis\objenesis\3.3\objenesis-3.3.jar;C:\Users\sassi\.m2\repository\org\mockito\mockito-junit-jupiter\5.3.1\mockito-junit-jupiter-5.3.1.jar;C:\Users\sassi\.m2\repository\org\skyscreamer\jsonassert\1.5.1\jsonassert-1.5.1.jar;C:\Users\sassi\.m2\repository\com\vaadin\external\google\android-json\0.0.20131108.vaadin1\android-json-0.0.20131108.vaadin1.jar;C:\Users\sassi\.m2\repository\org\springframework\spring-core\6.0.13\spring-core-6.0.13.jar;C:\Users\sassi\.m2\repository\org\springframework\spring-jcl\6.0.13\spring-jcl-6.0.13.jar;C:\Users\sassi\.m2\repository\org\springframework\spring-test\6.0.13\spring-test-6.0.13.jar;C:\Users\sassi\.m2\repository\org\xmlunit\xmlunit-core\2.9.1\xmlunit-core-2.9.1.jar;C:\Users\sassi\.m2\repository\org\springdoc\springdoc-openapi-starter-webmvc-ui\2.2.0\springdoc-openapi-starter-webmvc-ui-2.2.0.jar;C:\Users\sassi\.m2\repository\org\springdoc\springdoc-openapi-starter-webmvc-api\2.2.0\springdoc-openapi-starter-webmvc-api-2.2.0.jar;C:\Users\sassi\.m2\repository\org\springdoc\springdoc-openapi-starter-common\2.2.0\springdoc-openapi-starter-common-2.2.0.jar;C:\Users\sassi\.m2\repository\io\swagger\core\v3\swagger-core-jakarta\2.2.15\swagger-core-jakarta-2.2.15.jar;C:\Users\sassi\.m2\repository\org\apache\commons\commons-lang3\3.12.0\commons-lang3-3.12.0.jar;C:\Users\sassi\.m2\repository\io\swagger\core\v3\swagger-annotations-jakarta\2.2.15\swagger-annotations-jakarta-2.2.15.jar;C:\Users\sassi\.m2\repository\io\swagger\core\v3\swagger-models-jakarta\2.2.15\swagger-models-jakarta-2.2.15.jar;C:\Users\sassi\.m2\repository\jakarta\validation\jakarta.validation-api\3.0.2\jakarta.validation-api-3.0.2.jar;C:\Users\sassi\.m2\repository\com\fasterxml\jackson\dataformat\jackson-dataformat-yaml\2.15.3\jackson-dataformat-yaml-2.15.3.jar;C:\Users\sassi\.m2\repository\org\webjars\swagger-ui\5.2.0\swagger-ui-5.2.0.jar;"/>
    <property name="java.vm.vendor" value="Oracle Corporation"/>
    <property name="sun.arch.data.model" value="64"/>
    <property name="user.variant" value=""/>
    <property name="java.vendor.url" value="https://java.oracle.com/"/>
    <property name="user.timezone" value="Europe/Paris"/>
    <property name="org.jboss.logging.provider" value="slf4j"/>
    <property name="user.country.format" value="150"/>
    <property name="os.name" value="Windows 10"/>
    <property name="java.vm.specification.version" value="17"/>
    <property name="sun.java.launcher" value="SUN_STANDARD"/>
    <property name="user.country" value="GB"/>
    <property name="sun.boot.library.path" value="C:\Program Files\Java\jdk-17\bin"/>
    <property name="sun.java.command" value="C:\Users\sassi\AppData\Local\Temp\surefire1725807310626762872\surefirebooter-20231101183858004_3.jar C:\Users\sassi\AppData\Local\Temp\surefire1725807310626762872 2023-11-01T18-38-57_672-jvmRun1 surefire-20231101183858004_1tmp surefire_0-20231101183858004_2tmp"/>
    <property name="jdk.debug" value="release"/>
    <property name="surefire.test.class.path" value="c:\Users\sassi\java_projects\csport\target\test-classes;c:\Users\sassi\java_projects\csport\target\classes;C:\Users\sassi\.m2\repository\org\springframework\boot\spring-boot-starter-data-jpa\3.1.6-SNAPSHOT\spring-boot-starter-data-jpa-3.1.6-SNAPSHOT.jar;C:\Users\sassi\.m2\repository\org\springframework\boot\spring-boot-starter-aop\3.1.6-SNAPSHOT\spring-boot-starter-aop-3.1.6-SNAPSHOT.jar;C:\Users\sassi\.m2\repository\org\springframework\spring-aop\6.0.13\spring-aop-6.0.13.jar;C:\Users\sassi\.m2\repository\org\aspectj\aspectjweaver\1.9.20\aspectjweaver-1.9.20.jar;C:\Users\sassi\.m2\repository\org\springframework\boot\spring-boot-starter-jdbc\3.1.6-SNAPSHOT\spring-boot-starter-jdbc-3.1.6-SNAPSHOT.jar;C:\Users\sassi\.m2\repository\com\zaxxer\HikariCP\5.0.1\HikariCP-5.0.1.jar;C:\Users\sassi\.m2\repository\org\springframework\spring-jdbc\6.0.13\spring-jdbc-6.0.13.jar;C:\Users\sassi\.m2\repository\org\hibernate\orm\hibernate-core\6.2.13.Final\hibernate-core-6.2.13.Final.jar;C:\Users\sassi\.m2\repository\jakarta\persistence\jakarta.persistence-api\3.1.0\jakarta.persistence-api-3.1.0.jar;C:\Users\sassi\.m2\repository\jakarta\transaction\jakarta.transaction-api\2.0.1\jakarta.transaction-api-2.0.1.jar;C:\Users\sassi\.m2\repository\org\jboss\logging\jboss-logging\3.5.3.Final\jboss-logging-3.5.3.Final.jar;C:\Users\sassi\.m2\repository\org\hibernate\common\hibernate-commons-annotations\6.0.6.Final\hibernate-commons-annotations-6.0.6.Final.jar;C:\Users\sassi\.m2\repository\io\smallrye\jandex\3.0.5\jandex-3.0.5.jar;C:\Users\sassi\.m2\repository\com\fasterxml\classmate\1.5.1\classmate-1.5.1.jar;C:\Users\sassi\.m2\repository\net\bytebuddy\byte-buddy\1.14.9\byte-buddy-1.14.9.jar;C:\Users\sassi\.m2\repository\org\glassfish\jaxb\jaxb-runtime\4.0.3\jaxb-runtime-4.0.3.jar;C:\Users\sassi\.m2\repository\org\glassfish\jaxb\jaxb-core\4.0.3\jaxb-core-4.0.3.jar;C:\Users\sassi\.m2\repository\org\eclipse\angus\angus-activation\2.0.1\angus-activation-2.0.1.jar;C:\Users\sassi\.m2\repository\org\glassfish\jaxb\txw2\4.0.3\txw2-4.0.3.jar;C:\Users\sassi\.m2\repository\com\sun\istack\istack-commons-runtime\4.1.2\istack-commons-runtime-4.1.2.jar;C:\Users\sassi\.m2\repository\jakarta\inject\jakarta.inject-api\2.0.1\jakarta.inject-api-2.0.1.jar;C:\Users\sassi\.m2\repository\org\antlr\antlr4-runtime\4.10.1\antlr4-runtime-4.10.1.jar;C:\Users\sassi\.m2\repository\org\springframework\data\spring-data-jpa\3.1.5\spring-data-jpa-3.1.5.jar;C:\Users\sassi\.m2\repository\org\springframework\data\spring-data-commons\3.1.5\spring-data-commons-3.1.5.jar;C:\Users\sassi\.m2\repository\org\springframework\spring-orm\6.0.13\spring-orm-6.0.13.jar;C:\Users\sassi\.m2\repository\org\springframework\spring-context\6.0.13\spring-context-6.0.13.jar;C:\Users\sassi\.m2\repository\org\springframework\spring-tx\6.0.13\spring-tx-6.0.13.jar;C:\Users\sassi\.m2\repository\org\springframework\spring-beans\6.0.13\spring-beans-6.0.13.jar;C:\Users\sassi\.m2\repository\jakarta\annotation\jakarta.annotation-api\2.1.1\jakarta.annotation-api-2.1.1.jar;C:\Users\sassi\.m2\repository\org\slf4j\slf4j-api\2.0.9\slf4j-api-2.0.9.jar;C:\Users\sassi\.m2\repository\org\springframework\spring-aspects\6.0.13\spring-aspects-6.0.13.jar;C:\Users\sassi\.m2\repository\org\springframework\boot\spring-boot-starter-thymeleaf\3.1.6-SNAPSHOT\spring-boot-starter-thymeleaf-3.1.6-SNAPSHOT.jar;C:\Users\sassi\.m2\repository\org\springframework\boot\spring-boot-starter\3.1.6-SNAPSHOT\spring-boot-starter-3.1.6-SNAPSHOT.jar;C:\Users\sassi\.m2\repository\org\springframework\boot\spring-boot-starter-logging\3.1.6-SNAPSHOT\spring-boot-starter-logging-3.1.6-SNAPSHOT.jar;C:\Users\sassi\.m2\repository\ch\qos\logback\logback-classic\1.4.11\logback-classic-1.4.11.jar;C:\Users\sassi\.m2\repository\ch\qos\logback\logback-core\1.4.11\logback-core-1.4.11.jar;C:\Users\sassi\.m2\repository\org\apache\logging\log4j\log4j-to-slf4j\2.20.0\log4j-to-slf4j-2.20.0.jar;C:\Users\sassi\.m2\repository\org\apache\logging\log4j\log4j-api\2.20.0\log4j-api-2.20.0.jar;C:\Users\sassi\.m2\repository\org\slf4j\jul-to-slf4j\2.0.9\jul-to-slf4j-2.0.9.jar;C:\Users\sassi\.m2\repository\org\yaml\snakeyaml\1.33\snakeyaml-1.33.jar;C:\Users\sassi\.m2\repository\org\thymeleaf\thymeleaf-spring6\3.1.2.RELEASE\thymeleaf-spring6-3.1.2.RELEASE.jar;C:\Users\sassi\.m2\repository\org\thymeleaf\thymeleaf\3.1.2.RELEASE\thymeleaf-3.1.2.RELEASE.jar;C:\Users\sassi\.m2\repository\org\attoparser\attoparser\2.0.7.RELEASE\attoparser-2.0.7.RELEASE.jar;C:\Users\sassi\.m2\repository\org\unbescape\unbescape\1.1.6.RELEASE\unbescape-1.1.6.RELEASE.jar;C:\Users\sassi\.m2\repository\org\springframework\boot\spring-boot-starter-web\3.1.6-SNAPSHOT\spring-boot-starter-web-3.1.6-SNAPSHOT.jar;C:\Users\sassi\.m2\repository\org\springframework\boot\spring-boot-starter-json\3.1.6-SNAPSHOT\spring-boot-starter-json-3.1.6-SNAPSHOT.jar;C:\Users\sassi\.m2\repository\com\fasterxml\jackson\core\jackson-databind\2.15.3\jackson-databind-2.15.3.jar;C:\Users\sassi\.m2\repository\com\fasterxml\jackson\core\jackson-annotations\2.15.3\jackson-annotations-2.15.3.jar;C:\Users\sassi\.m2\repository\com\fasterxml\jackson\core\jackson-core\2.15.3\jackson-core-2.15.3.jar;C:\Users\sassi\.m2\repository\com\fasterxml\jackson\datatype\jackson-datatype-jdk8\2.15.3\jackson-datatype-jdk8-2.15.3.jar;C:\Users\sassi\.m2\repository\com\fasterxml\jackson\datatype\jackson-datatype-jsr310\2.15.3\jackson-datatype-jsr310-2.15.3.jar;C:\Users\sassi\.m2\repository\com\fasterxml\jackson\module\jackson-module-parameter-names\2.15.3\jackson-module-parameter-names-2.15.3.jar;C:\Users\sassi\.m2\repository\org\springframework\boot\spring-boot-starter-tomcat\3.1.6-SNAPSHOT\spring-boot-starter-tomcat-3.1.6-SNAPSHOT.jar;C:\Users\sassi\.m2\repository\org\apache\tomcat\embed\tomcat-embed-core\10.1.15\tomcat-embed-core-10.1.15.jar;C:\Users\sassi\.m2\repository\org\apache\tomcat\embed\tomcat-embed-el\10.1.15\tomcat-embed-el-10.1.15.jar;C:\Users\sassi\.m2\repository\org\apache\tomcat\embed\tomcat-embed-websocket\10.1.15\tomcat-embed-websocket-10.1.15.jar;C:\Users\sassi\.m2\repository\org\springframework\spring-web\6.0.13\spring-web-6.0.13.jar;C:\Users\sassi\.m2\repository\io\micrometer\micrometer-observation\1.11.5\micrometer-observation-1.11.5.jar;C:\Users\sassi\.m2\repository\io\micrometer\micrometer-commons\1.11.5\micrometer-commons-1.11.5.jar;C:\Users\sassi\.m2\repository\org\springframework\spring-webmvc\6.0.13\spring-webmvc-6.0.13.jar;C:\Users\sassi\.m2\repository\org\springframework\spring-expression\6.0.13\spring-expression-6.0.13.jar;C:\Users\sassi\.m2\repository\org\projectlombok\lombok\1.18.30\lombok-1.18.30.jar;C:\Users\sassi\.m2\repository\org\springframework\boot\spring-boot-devtools\3.1.6-SNAPSHOT\spring-boot-devtools-3.1.6-SNAPSHOT.jar;C:\Users\sassi\.m2\repository\org\springframework\boot\spring-boot\3.1.6-SNAPSHOT\spring-boot-3.1.6-SNAPSHOT.jar;C:\Users\sassi\.m2\repository\org\springframework\boot\spring-boot-autoconfigure\3.1.6-SNAPSHOT\spring-boot-autoconfigure-3.1.6-SNAPSHOT.jar;C:\Users\sassi\.m2\repository\org\postgresql\postgresql\42.6.0\postgresql-42.6.0.jar;C:\Users\sassi\.m2\repository\org\checkerframework\checker-qual\3.31.0\checker-qual-3.31.0.jar;C:\Users\sassi\.m2\repository\org\springframework\boot\spring-boot-starter-test\3.1.6-SNAPSHOT\spring-boot-starter-test-3.1.6-SNAPSHOT.jar;C:\Users\sassi\.m2\repository\org\springframework\boot\spring-boot-test\3.1.6-SNAPSHOT\spring-boot-test-3.1.6-SNAPSHOT.jar;C:\Users\sassi\.m2\repository\org\springframework\boot\spring-boot-test-autoconfigure\3.1.6-SNAPSHOT\spring-boot-test-autoconfigure-3.1.6-SNAPSHOT.jar;C:\Users\sassi\.m2\repository\com\jayway\jsonpath\json-path\2.8.0\json-path-2.8.0.jar;C:\Users\sassi\.m2\repository\jakarta\xml\bind\jakarta.xml.bind-api\4.0.1\jakarta.xml.bind-api-4.0.1.jar;C:\Users\sassi\.m2\repository\jakarta\activation\jakarta.activation-api\2.1.2\jakarta.activation-api-2.1.2.jar;C:\Users\sassi\.m2\repository\net\minidev\json-smart\2.4.11\json-smart-2.4.11.jar;C:\Users\sassi\.m2\repository\net\minidev\accessors-smart\2.4.11\accessors-smart-2.4.11.jar;C:\Users\sassi\.m2\repository\org\ow2\asm\asm\9.3\asm-9.3.jar;C:\Users\sassi\.m2\repository\org\assertj\assertj-core\3.24.2\assertj-core-3.24.2.jar;C:\Users\sassi\.m2\repository\org\hamcrest\hamcrest\2.2\hamcrest-2.2.jar;C:\Users\sassi\.m2\repository\org\junit\jupiter\junit-jupiter\5.9.3\junit-jupiter-5.9.3.jar;C:\Users\sassi\.m2\repository\org\junit\jupiter\junit-jupiter-api\5.9.3\junit-jupiter-api-5.9.3.jar;C:\Users\sassi\.m2\repository\org\opentest4j\opentest4j\1.2.0\opentest4j-1.2.0.jar;C:\Users\sassi\.m2\repository\org\junit\platform\junit-platform-commons\1.9.3\junit-platform-commons-1.9.3.jar;C:\Users\sassi\.m2\repository\org\apiguardian\apiguardian-api\1.1.2\apiguardian-api-1.1.2.jar;C:\Users\sassi\.m2\repository\org\junit\jupiter\junit-jupiter-params\5.9.3\junit-jupiter-params-5.9.3.jar;C:\Users\sassi\.m2\repository\org\junit\jupiter\junit-jupiter-engine\5.9.3\junit-jupiter-engine-5.9.3.jar;C:\Users\sassi\.m2\repository\org\junit\platform\junit-platform-engine\1.9.3\junit-platform-engine-1.9.3.jar;C:\Users\sassi\.m2\repository\org\mockito\mockito-core\5.3.1\mockito-core-5.3.1.jar;C:\Users\sassi\.m2\repository\net\bytebuddy\byte-buddy-agent\1.14.9\byte-buddy-agent-1.14.9.jar;C:\Users\sassi\.m2\repository\org\objenesis\objenesis\3.3\objenesis-3.3.jar;C:\Users\sassi\.m2\repository\org\mockito\mockito-junit-jupiter\5.3.1\mockito-junit-jupiter-5.3.1.jar;C:\Users\sassi\.m2\repository\org\skyscreamer\jsonassert\1.5.1\jsonassert-1.5.1.jar;C:\Users\sassi\.m2\repository\com\vaadin\external\google\android-json\0.0.20131108.vaadin1\android-json-0.0.20131108.vaadin1.jar;C:\Users\sassi\.m2\repository\org\springframework\spring-core\6.0.13\spring-core-6.0.13.jar;C:\Users\sassi\.m2\repository\org\springframework\spring-jcl\6.0.13\spring-jcl-6.0.13.jar;C:\Users\sassi\.m2\repository\org\springframework\spring-test\6.0.13\spring-test-6.0.13.jar;C:\Users\sassi\.m2\repository\org\xmlunit\xmlunit-core\2.9.1\xmlunit-core-2.9.1.jar;C:\Users\sassi\.m2\repository\org\springdoc\springdoc-openapi-starter-webmvc-ui\2.2.0\springdoc-openapi-starter-webmvc-ui-2.2.0.jar;C:\Users\sassi\.m2\repository\org\springdoc\springdoc-openapi-starter-webmvc-api\2.2.0\springdoc-openapi-starter-webmvc-api-2.2.0.jar;C:\Users\sassi\.m2\repository\org\springdoc\springdoc-openapi-starter-common\2.2.0\springdoc-openapi-starter-common-2.2.0.jar;C:\Users\sassi\.m2\repository\io\swagger\core\v3\swagger-core-jakarta\2.2.15\swagger-core-jakarta-2.2.15.jar;C:\Users\sassi\.m2\repository\org\apache\commons\commons-lang3\3.12.0\commons-lang3-3.12.0.jar;C:\Users\sassi\.m2\repository\io\swagger\core\v3\swagger-annotations-jakarta\2.2.15\swagger-annotations-jakarta-2.2.15.jar;C:\Users\sassi\.m2\repository\io\swagger\core\v3\swagger-models-jakarta\2.2.15\swagger-models-jakarta-2.2.15.jar;C:\Users\sassi\.m2\repository\jakarta\validation\jakarta.validation-api\3.0.2\jakarta.validation-api-3.0.2.jar;C:\Users\sassi\.m2\repository\com\fasterxml\jackson\dataformat\jackson-dataformat-yaml\2.15.3\jackson-dataformat-yaml-2.15.3.jar;C:\Users\sassi\.m2\repository\org\webjars\swagger-ui\5.2.0\swagger-ui-5.2.0.jar;"/>
    <property name="sun.cpu.endian" value="little"/>
    <property name="user.home" value="C:\Users\sassi"/>
    <property name="user.language" value="en"/>
    <property name="java.specification.vendor" value="Oracle Corporation"/>
    <property name="java.version.date" value="2023-10-17"/>
    <property name="java.home" value="C:\Program Files\Java\jdk-17"/>
    <property name="file.separator" value="\"/>
    <property name="basedir" value="c:\Users\sassi\java_projects\csport"/>
    <property name="java.vm.compressedOopsMode" value="Zero based"/>
    <property name="line.separator" value="&#10;"/>
    <property name="java.vm.specification.vendor" value="Oracle Corporation"/>
    <property name="java.specification.name" value="Java Platform API Specification"/>
    <property name="FILE_LOG_CHARSET" value="windows-1252"/>
    <property name="java.awt.headless" value="true"/>
    <property name="surefire.real.class.path" value="C:\Users\sassi\AppData\Local\Temp\surefire1725807310626762872\surefirebooter-20231101183858004_3.jar"/>
    <property name="user.script" value=""/>
    <property name="sun.management.compiler" value="HotSpot 64-Bit Tiered Compilers"/>
    <property name="java.runtime.version" value="17.0.9+11-LTS-201"/>
    <property name="user.name" value="mosas"/>
    <property name="path.separator" value=";"/>
    <property name="os.version" value="10.0"/>
    <property name="java.runtime.name" value="Java(TM) SE Runtime Environment"/>
    <property name="file.encoding" value="Cp1252"/>
    <property name="java.vm.name" value="Java HotSpot(TM) 64-Bit Server VM"/>
    <property name="localRepository" value="C:\Users\sassi\.m2\repository"/>
    <property name="java.vendor.url.bug" value="https://bugreport.java.com/bugreport/"/>
    <property name="java.io.tmpdir" value="C:\Users\sassi\AppData\Local\Temp\"/>
    <property name="com.zaxxer.hikari.pool_number" value="1"/>
    <property name="java.version" value="17.0.9"/>
    <property name="user.dir" value="c:\Users\sassi\java_projects\csport"/>
    <property name="os.arch" value="amd64"/>
    <property name="java.vm.specification.name" value="Java Virtual Machine Specification"/>
    <property name="PID" value="16636"/>
    <property name="sun.os.patch.level" value=""/>
    <property name="CONSOLE_LOG_CHARSET" value="windows-1252"/>
    <property name="native.encoding" value="Cp1252"/>
    <property name="java.library.path" value="C:\Program Files\Java\jdk-17\bin;C:\WINDOWS\Sun\Java\bin;C:\WINDOWS\system32;C:\WINDOWS;C:\Program Files\Common Files\Oracle\Java\javapath;C:\windows\system32;C:\windows;C:\windows\System32\Wbem;C:\windows\System32\WindowsPowerShell\v1.0\;C:\windows\System32\OpenSSH\;C:\Users\sassi\AppData\Local\Microsoft\WindowsApps;C:\Users\sassi\AppData\Local\GitHubDesktop\bin;C:\WINDOWS\system32;C:\WINDOWS;C:\WINDOWS\System32\Wbem;C:\WINDOWS\System32\WindowsPowerShell\v1.0\;C:\WINDOWS\System32\OpenSSH\;C:\ProgramData\ComposerSetup\bin;C:\Program Files\Symfony;C:\Program Files (x86)\dotnet\;C:\Program Files\GTK3-Runtime Win64\bin;C:\Program Files\Git\cmd;C:\Program Files\Java\jdk-17\bin;;C:\Program Files\Docker\Docker\resources\bin;C:\Users\sassi\AppData\Local\Programs\Python\Launcher\;C:\Users\sassi\AppData\Local\Microsoft\WindowsApps;C:\Users\sassi\AppData\Local\Programs\Microsoft VS Code\bin;C:\Users\sassi\AppData\Local\Microsoft\WindowsApps;C:\wamp64\bin\php\php7.4.26;C:\Users\sassi\AppData\Roaming\Composer\vendor\bin;C:\Users\sassi\AppData\Local\Packages\PythonSoftwareFoundation.Python.3.8_qbz5n2kfra8p0\LocalCache\local-packages\Python38\Scripts;C:\Users\sassi\miniconda3\Library\bin;C:\Program Files\PostgreSQL\15\bin;;."/>
    <property name="java.vm.info" value="mixed mode, sharing"/>
    <property name="java.vendor" value="Oracle Corporation"/>
    <property name="java.vm.version" value="17.0.9+11-LTS-201"/>
    <property name="sun.io.unicode.encoding" value="UnicodeLittle"/>
    <property name="java.class.version" value="61.0"/>
  </properties>
  <testcase name="testGetCourses_NoUserFound" classname="dev.m0.csport.ControllersTest" time="1.498">
    <system-out><![CDATA[18:38:59.465 [main] INFO org.springframework.test.context.support.AnnotationConfigContextLoaderUtils -- Could not detect default configuration classes for test class [dev.m0.csport.ControllersTest]: ControllersTest does not declare any static, non-private, non-final, nested classes annotated with @Configuration.
18:38:59.695 [main] INFO org.springframework.boot.test.context.SpringBootTestContextBootstrapper -- Found @SpringBootConfiguration dev.m0.csport.CsportApplication for test class dev.m0.csport.ControllersTest
18:38:59.996 [main] INFO org.springframework.boot.devtools.restart.RestartApplicationListener -- Restart disabled due to context in which it is running

  .   ____          _            __ _ _
 /\\ / ___'_ __ _ _(_)_ __  __ _ \ \ \ \
( ( )\___ | '_ | '_| | '_ \/ _` | \ \ \ \
 \\/  ___)| |_)| | | | | || (_| |  ) ) ) )
  '  |____| .__|_| |_|_| |_\__, | / / / /
 =========|_|==============|___/=/_/_/_/
 :: Spring Boot ::       (v3.1.6-SNAPSHOT)

2023-11-01T18:39:00.463+01:00  INFO 16636 --- [           main] dev.m0.csport.ControllersTest            : Starting ControllersTest using Java 17.0.9 with PID 16636 (started by mosas in c:\Users\sassi\java_projects\csport)
2023-11-01T18:39:00.465+01:00  INFO 16636 --- [           main] dev.m0.csport.ControllersTest            : No active profile set, falling back to 1 default profile: "default"
2023-11-01T18:39:01.892+01:00  INFO 16636 --- [           main] .s.d.r.c.RepositoryConfigurationDelegate : Bootstrapping Spring Data JPA repositories in DEFAULT mode.
2023-11-01T18:39:02.015+01:00  INFO 16636 --- [           main] .s.d.r.c.RepositoryConfigurationDelegate : Finished Spring Data repository scanning in 106 ms. Found 2 JPA repository interfaces.
2023-11-01T18:39:02.774+01:00  INFO 16636 --- [           main] o.hibernate.jpa.internal.util.LogHelper  : HHH000204: Processing PersistenceUnitInfo [name: default]
2023-11-01T18:39:02.918+01:00  INFO 16636 --- [           main] org.hibernate.Version                    : HHH000412: Hibernate ORM core version 6.2.13.Final
2023-11-01T18:39:02.923+01:00  INFO 16636 --- [           main] org.hibernate.cfg.Environment            : HHH000406: Using bytecode reflection optimizer
2023-11-01T18:39:03.685+01:00  INFO 16636 --- [           main] o.s.o.j.p.SpringPersistenceUnitInfo      : No LoadTimeWeaver setup: ignoring JPA class transformer
2023-11-01T18:39:03.734+01:00  INFO 16636 --- [           main] com.zaxxer.hikari.HikariDataSource       : HikariPool-1 - Starting...
2023-11-01T18:39:05.111+01:00  INFO 16636 --- [           main] com.zaxxer.hikari.pool.HikariPool        : HikariPool-1 - Added connection org.postgresql.jdbc.PgConnection@20864cd1
2023-11-01T18:39:05.115+01:00  INFO 16636 --- [           main] com.zaxxer.hikari.HikariDataSource       : HikariPool-1 - Start completed.
2023-11-01T18:39:06.861+01:00  INFO 16636 --- [           main] o.h.e.t.j.p.i.JtaPlatformInitiator       : HHH000489: No JTA platform available (set 'hibernate.transaction.jta.platform' to enable JTA platform integration)
2023-11-01T18:39:06.868+01:00  INFO 16636 --- [           main] j.LocalContainerEntityManagerFactoryBean : Initialized JPA EntityManagerFactory for persistence unit 'default'
2023-11-01T18:39:07.379+01:00  INFO 16636 --- [           main] o.s.d.j.r.query.QueryEnhancerFactory     : Hibernate is in classpath; If applicable, HQL parser will be used.
2023-11-01T18:39:08.464+01:00  WARN 16636 --- [           main] JpaBaseConfiguration$JpaWebConfiguration : spring.jpa.open-in-view is enabled by default. Therefore, database queries may be performed during view rendering. Explicitly configure spring.jpa.open-in-view to disable this warning
2023-11-01T18:39:09.123+01:00  WARN 16636 --- [           main] ion$DefaultTemplateResolverConfiguration : Cannot find template location: classpath:/templates/ (please add some templates, check your Thymeleaf configuration, or set spring.thymeleaf.check-template-location=false)
2023-11-01T18:39:09.475+01:00  INFO 16636 --- [           main] o.s.b.t.m.w.SpringBootMockServletContext : Initializing Spring TestDispatcherServlet ''
2023-11-01T18:39:09.476+01:00  INFO 16636 --- [           main] o.s.t.web.servlet.TestDispatcherServlet  : Initializing Servlet ''
2023-11-01T18:39:09.481+01:00  INFO 16636 --- [           main] o.s.t.web.servlet.TestDispatcherServlet  : Completed initialization in 2 ms
2023-11-01T18:39:09.523+01:00  INFO 16636 --- [           main] dev.m0.csport.ControllersTest            : Started ControllersTest in 9.554 seconds (process running for 11.289)
Hibernate: select c1_0.id,c1_0.available,c1_0.coach,c1_0.date,c1_0.localisation,c1_0.name,c1_0.places,c1_0.type from public.course c1_0
Hibernate: select u1_0.id,u1_0.age,c1_0.userid,c1_1.id,c1_1.available,c2_0.id,c2_0.age,c2_0.email,c2_0.fname,c2_0.lname,c2_0.role,c1_1.date,c1_1.localisation,c1_1.name,c1_1.places,c1_1.type,u1_0.email,u1_0.fname,u1_0.lname,u1_0.role from public.user u1_0 left join (users_courses c1_0 join public.course c1_1 on c1_1.id=c1_0.courseid) on u1_0.id=c1_0.userid left join public.user c2_0 on c2_0.id=c1_1.coach where u1_0.id=?
Hibernate: select u1_0.courseid,u1_1.id,u1_1.age,u1_1.email,u1_1.fname,u1_1.lname,u1_1.role from users_courses u1_0 join public.user u1_1 on u1_1.id=u1_0.userid where u1_0.courseid=?
Hibernate: select c1_0.userid,c1_1.id,c1_1.available,c2_0.id,c2_0.age,c2_0.email,c2_0.fname,c2_0.lname,c2_0.role,c1_1.date,c1_1.localisation,c1_1.name,c1_1.places,c1_1.type from users_courses c1_0 join public.course c1_1 on c1_1.id=c1_0.courseid left join public.user c2_0 on c2_0.id=c1_1.coach where c1_0.userid=?
Hibernate: select u1_0.courseid,u1_1.id,u1_1.age,u1_1.email,u1_1.fname,u1_1.lname,u1_1.role from users_courses u1_0 join public.user u1_1 on u1_1.id=u1_0.userid where u1_0.courseid=?
Hibernate: select u1_0.courseid,u1_1.id,u1_1.age,u1_1.email,u1_1.fname,u1_1.lname,u1_1.role from users_courses u1_0 join public.user u1_1 on u1_1.id=u1_0.userid where u1_0.courseid=?
Hibernate: select u1_0.courseid,u1_1.id,u1_1.age,u1_1.email,u1_1.fname,u1_1.lname,u1_1.role from users_courses u1_0 join public.user u1_1 on u1_1.id=u1_0.userid where u1_0.courseid=?
Hibernate: select u1_0.courseid,u1_1.id,u1_1.age,u1_1.email,u1_1.fname,u1_1.lname,u1_1.role from users_courses u1_0 join public.user u1_1 on u1_1.id=u1_0.userid where u1_0.courseid=?
Hibernate: select u1_0.courseid,u1_1.id,u1_1.age,u1_1.email,u1_1.fname,u1_1.lname,u1_1.role from users_courses u1_0 join public.user u1_1 on u1_1.id=u1_0.userid where u1_0.courseid=?
Hibernate: select u1_0.courseid,u1_1.id,u1_1.age,u1_1.email,u1_1.fname,u1_1.lname,u1_1.role from users_courses u1_0 join public.user u1_1 on u1_1.id=u1_0.userid where u1_0.courseid=?
Hibernate: select u1_0.id,u1_0.age,c1_0.userid,c1_1.id,c1_1.available,c2_0.id,c2_0.age,c2_0.email,c2_0.fname,c2_0.lname,c2_0.role,c1_1.date,c1_1.localisation,c1_1.name,c1_1.places,c1_1.type,u1_0.email,u1_0.fname,u1_0.lname,u1_0.role from public.user u1_0 left join (users_courses c1_0 join public.course c1_1 on c1_1.id=c1_0.courseid) on u1_0.id=c1_0.userid left join public.user c2_0 on c2_0.id=c1_1.coach where u1_0.id=?
]]></system-out>
  </testcase>
  <testcase name="testListAvailableCourses" classname="dev.m0.csport.ControllersTest" time="0.579">
    <system-out><![CDATA[Hibernate: select c1_0.id,c1_0.available,c1_0.coach,c1_0.date,c1_0.localisation,c1_0.name,c1_0.places,c1_0.type from public.course c1_0
Hibernate: select u1_0.id,u1_0.age,c1_0.userid,c1_1.id,c1_1.available,c2_0.id,c2_0.age,c2_0.email,c2_0.fname,c2_0.lname,c2_0.role,c1_1.date,c1_1.localisation,c1_1.name,c1_1.places,c1_1.type,u1_0.email,u1_0.fname,u1_0.lname,u1_0.role from public.user u1_0 left join (users_courses c1_0 join public.course c1_1 on c1_1.id=c1_0.courseid) on u1_0.id=c1_0.userid left join public.user c2_0 on c2_0.id=c1_1.coach where u1_0.id=?
Hibernate: select u1_0.courseid,u1_1.id,u1_1.age,u1_1.email,u1_1.fname,u1_1.lname,u1_1.role from users_courses u1_0 join public.user u1_1 on u1_1.id=u1_0.userid where u1_0.courseid=?
Hibernate: select c1_0.userid,c1_1.id,c1_1.available,c2_0.id,c2_0.age,c2_0.email,c2_0.fname,c2_0.lname,c2_0.role,c1_1.date,c1_1.localisation,c1_1.name,c1_1.places,c1_1.type from users_courses c1_0 join public.course c1_1 on c1_1.id=c1_0.courseid left join public.user c2_0 on c2_0.id=c1_1.coach where c1_0.userid=?
Hibernate: select u1_0.courseid,u1_1.id,u1_1.age,u1_1.email,u1_1.fname,u1_1.lname,u1_1.role from users_courses u1_0 join public.user u1_1 on u1_1.id=u1_0.userid where u1_0.courseid=?
Hibernate: select u1_0.courseid,u1_1.id,u1_1.age,u1_1.email,u1_1.fname,u1_1.lname,u1_1.role from users_courses u1_0 join public.user u1_1 on u1_1.id=u1_0.userid where u1_0.courseid=?
Hibernate: select u1_0.courseid,u1_1.id,u1_1.age,u1_1.email,u1_1.fname,u1_1.lname,u1_1.role from users_courses u1_0 join public.user u1_1 on u1_1.id=u1_0.userid where u1_0.courseid=?
Hibernate: select u1_0.courseid,u1_1.id,u1_1.age,u1_1.email,u1_1.fname,u1_1.lname,u1_1.role from users_courses u1_0 join public.user u1_1 on u1_1.id=u1_0.userid where u1_0.courseid=?
Hibernate: select u1_0.courseid,u1_1.id,u1_1.age,u1_1.email,u1_1.fname,u1_1.lname,u1_1.role from users_courses u1_0 join public.user u1_1 on u1_1.id=u1_0.userid where u1_0.courseid=?
Hibernate: select u1_0.courseid,u1_1.id,u1_1.age,u1_1.email,u1_1.fname,u1_1.lname,u1_1.role from users_courses u1_0 join public.user u1_1 on u1_1.id=u1_0.userid where u1_0.courseid=?
]]></system-out>
  </testcase>
  <testcase name="testCreateUser" classname="dev.m0.csport.ControllersTest" time="0.624">
    <system-out><![CDATA[Hibernate: select u1_0.id,u1_0.age,u1_0.email,u1_0.fname,u1_0.lname,u1_0.role from public.user u1_0
Hibernate: select c1_0.userid,c1_1.id,c1_1.available,c2_0.id,c2_0.age,c2_0.email,c2_0.fname,c2_0.lname,c2_0.role,c1_1.date,c1_1.localisation,c1_1.name,c1_1.places,c1_1.type from users_courses c1_0 join public.course c1_1 on c1_1.id=c1_0.courseid left join public.user c2_0 on c2_0.id=c1_1.coach where c1_0.userid=?
Hibernate: select c1_0.userid,c1_1.id,c1_1.available,c2_0.id,c2_0.age,c2_0.email,c2_0.fname,c2_0.lname,c2_0.role,c1_1.date,c1_1.localisation,c1_1.name,c1_1.places,c1_1.type from users_courses c1_0 join public.course c1_1 on c1_1.id=c1_0.courseid left join public.user c2_0 on c2_0.id=c1_1.coach where c1_0.userid=?
Hibernate: select c1_0.userid,c1_1.id,c1_1.available,c2_0.id,c2_0.age,c2_0.email,c2_0.fname,c2_0.lname,c2_0.role,c1_1.date,c1_1.localisation,c1_1.name,c1_1.places,c1_1.type from users_courses c1_0 join public.course c1_1 on c1_1.id=c1_0.courseid left join public.user c2_0 on c2_0.id=c1_1.coach where c1_0.userid=?
Hibernate: select c1_0.userid,c1_1.id,c1_1.available,c2_0.id,c2_0.age,c2_0.email,c2_0.fname,c2_0.lname,c2_0.role,c1_1.date,c1_1.localisation,c1_1.name,c1_1.places,c1_1.type from users_courses c1_0 join public.course c1_1 on c1_1.id=c1_0.courseid left join public.user c2_0 on c2_0.id=c1_1.coach where c1_0.userid=?
Hibernate: select c1_0.userid,c1_1.id,c1_1.available,c2_0.id,c2_0.age,c2_0.email,c2_0.fname,c2_0.lname,c2_0.role,c1_1.date,c1_1.localisation,c1_1.name,c1_1.places,c1_1.type from users_courses c1_0 join public.course c1_1 on c1_1.id=c1_0.courseid left join public.user c2_0 on c2_0.id=c1_1.coach where c1_0.userid=?
Hibernate: select c1_0.userid,c1_1.id,c1_1.available,c2_0.id,c2_0.age,c2_0.email,c2_0.fname,c2_0.lname,c2_0.role,c1_1.date,c1_1.localisation,c1_1.name,c1_1.places,c1_1.type from users_courses c1_0 join public.course c1_1 on c1_1.id=c1_0.courseid left join public.user c2_0 on c2_0.id=c1_1.coach where c1_0.userid=?
Hibernate: select u1_0.courseid,u1_1.id,u1_1.age,u1_1.email,u1_1.fname,u1_1.lname,u1_1.role from users_courses u1_0 join public.user u1_1 on u1_1.id=u1_0.userid where u1_0.courseid=?
Hibernate: insert into public.user (age,email,fname,lname,role) values (?,?,?,?,?)
]]></system-out>
  </testcase>
  <testcase name="testUnregisterCourse_Success" classname="dev.m0.csport.ControllersTest" time="0.363">
    <system-out><![CDATA[Hibernate: select u1_0.id,u1_0.age,c1_0.userid,c1_1.id,c1_1.available,c2_0.id,c2_0.age,c2_0.email,c2_0.fname,c2_0.lname,c2_0.role,c1_1.date,c1_1.localisation,c1_1.name,c1_1.places,c1_1.type,u1_0.email,u1_0.fname,u1_0.lname,u1_0.role from public.user u1_0 left join (users_courses c1_0 join public.course c1_1 on c1_1.id=c1_0.courseid) on u1_0.id=c1_0.userid left join public.user c2_0 on c2_0.id=c1_1.coach where u1_0.id=?
Hibernate: select u1_0.courseid,u1_1.id,u1_1.age,u1_1.email,u1_1.fname,u1_1.lname,u1_1.role from users_courses u1_0 join public.user u1_1 on u1_1.id=u1_0.userid where u1_0.courseid=?
Hibernate: select c1_0.userid,c1_1.id,c1_1.available,c2_0.id,c2_0.age,c2_0.email,c2_0.fname,c2_0.lname,c2_0.role,c1_1.date,c1_1.localisation,c1_1.name,c1_1.places,c1_1.type from users_courses c1_0 join public.course c1_1 on c1_1.id=c1_0.courseid left join public.user c2_0 on c2_0.id=c1_1.coach where c1_0.userid=?
course name : FitX12
Hibernate: update public.course set available=?,coach=?,date=?,localisation=?,name=?,places=?,type=? where id=?
Hibernate: delete from users_courses where courseid=?
]]></system-out>
  </testcase>
  <testcase name="testUnregisterCourse_UserNotFound" classname="dev.m0.csport.ControllersTest" time="0.098">
    <system-out><![CDATA[Hibernate: select u1_0.id,u1_0.age,c1_0.userid,c1_1.id,c1_1.available,c2_0.id,c2_0.age,c2_0.email,c2_0.fname,c2_0.lname,c2_0.role,c1_1.date,c1_1.localisation,c1_1.name,c1_1.places,c1_1.type,u1_0.email,u1_0.fname,u1_0.lname,u1_0.role from public.user u1_0 left join (users_courses c1_0 join public.course c1_1 on c1_1.id=c1_0.courseid) on u1_0.id=c1_0.userid left join public.user c2_0 on c2_0.id=c1_1.coach where u1_0.id=?
]]></system-out>
  </testcase>
</testsuite>